#-----------------------------------------------------------
# Vivado v2018.3 (64-bit)
# SW Build 2405991 on Thu Dec  6 23:38:27 MST 2018
# IP Build 2404404 on Fri Dec  7 01:43:56 MST 2018
# Start of session at: Mon Apr 10 15:39:27 2023
# Process ID: 7496
# Current directory: D:/projects/graduation project/GP
# Command line: vivado.exe -gui_launcher_event rodinguilauncherevent8200 D:\projects\graduation project\GP\GP.xpr
# Log file: D:/projects/graduation project/GP/vivado.log
# Journal file: D:/projects/graduation project/GP\vivado.jou
#-----------------------------------------------------------
start_gui
open_project {D:/projects/graduation project/GP/GP.xpr}
Scanning sources...
Finished scanning sources
INFO: [IP_Flow 19-234] Refreshing IP repositories
INFO: [IP_Flow 19-1704] No user IP repositories specified
INFO: [IP_Flow 19-2313] Loaded Vivado IP repository 'E:/vivado/Vivado/2018.3/data/ip'.
open_project: Time (s): cpu = 00:00:01 ; elapsed = 00:00:29 . Memory (MB): peak = 723.652 ; gain = 66.426
update_compile_order -fileset sources_1
file mkdir D:/projects/graduation project/GP/GP.srcs/sources_1/new
can't create directory "D:/projects/graduation": file already exists
file mkdir D:/projects/graduation project/GP/GP.srcs/sources_1/new
can't create directory "D:/projects/graduation": file already exists
file mkdir D:/projects/graduation project/GP/GP.srcs/sources_1/new
can't create directory "D:/projects/graduation": file already exists
file mkdir D:/projects/graduation project/GP/GP.srcs/sources_1/new
can't create directory "D:/projects/graduation": file already exists
file mkdir D:/projects/graduation project/GP/GP.srcs/sources_1/new
can't create directory "D:/projects/graduation": file already exists
file mkdir D:/projects/graduation project/GP/GP.srcs/sources_1/new
can't create directory "D:/projects/graduation": file already exists
file mkdir {D:/projects/graduation project/GP/GP.srcs/sources_1/new}
close [ open {D:/projects/graduation project/GP/GP.srcs/sources_1/new/temp.v} w ]
add_files {{D:/projects/graduation project/GP/GP.srcs/sources_1/new/temp.v}}
update_compile_order -fileset sources_1
WARNING: [filemgmt 56-199] Attempt to get parsing info during refresh. "On-the-fly" syntax checking information may be incorrect. [D:/projects/graduation project/GP/GP.srcs/sources_1/new/temp.v:]
WARNING: [filemgmt 56-199] Attempt to get parsing info during refresh. "On-the-fly" syntax checking information may be incorrect. [D:/projects/graduation project/GP/GP.srcs/sources_1/imports/Desktop/gpio_demo.v:]
ERROR: [Common 17-180] Spawn failed: No error
open_hw
connect_hw_server
INFO: [Labtools 27-2285] Connecting to hw_server url TCP:localhost:3121
INFO: [Labtools 27-2222] Launching hw_server...
INFO: [Labtools 27-2221] Launch Output:

****** Xilinx hw_server v2018.3
  **** Build date : Dec  7 2018-00:40:27
    ** Copyright 1986-2018 Xilinx, Inc. All Rights Reserved.


open_hw_target
INFO: [Labtoolstcl 44-466] Opening hw_target localhost:3121/xilinx_tcf/Digilent/210292A6EDE2A
set_property PROGRAM.FILE {D:/projects/graduation project/GP/GP.runs/impl_1/GPIO_demo.bit} [get_hw_devices xc7a100t_0]
current_hw_device [get_hw_devices xc7a100t_0]
refresh_hw_device -update_hw_probes false [lindex [get_hw_devices xc7a100t_0] 0]
INFO: [Labtools 27-1435] Device xc7a100t (JTAG device index = 0) is not programmed (DONE status = 0).
set_property PROBES.FILE {} [get_hw_devices xc7a100t_0]
set_property FULL_PROBES.FILE {} [get_hw_devices xc7a100t_0]
set_property PROGRAM.FILE {D:/projects/graduation project/GP/GP.runs/impl_1/GPIO_demo.bit} [get_hw_devices xc7a100t_0]
program_hw_devices [get_hw_devices xc7a100t_0]
INFO: [Labtools 27-3164] End of startup status: HIGH
refresh_hw_device [lindex [get_hw_devices xc7a100t_0] 0]
INFO: [Labtools 27-1434] Device xc7a100t (JTAG device index = 0) is programmed with a design that has no supported debug core(s) in it.
close_hw
reset_run synth_1
launch_runs impl_1 -to_step write_bitstream -jobs 20
[Mon Apr 10 16:26:45 2023] Launched synth_1...
Run output will be captured here: D:/projects/graduation project/GP/GP.runs/synth_1/runme.log
[Mon Apr 10 16:26:45 2023] Launched impl_1...
Run output will be captured here: D:/projects/graduation project/GP/GP.runs/impl_1/runme.log
reset_run synth_1
launch_runs impl_1 -to_step write_bitstream -jobs 20
[Mon Apr 10 16:28:41 2023] Launched synth_1...
Run output will be captured here: D:/projects/graduation project/GP/GP.runs/synth_1/runme.log
[Mon Apr 10 16:28:41 2023] Launched impl_1...
Run output will be captured here: D:/projects/graduation project/GP/GP.runs/impl_1/runme.log
open_hw
connect_hw_server
INFO: [Labtools 27-2285] Connecting to hw_server url TCP:localhost:3121
INFO: [Labtools 27-2222] Launching hw_server...
INFO: [Labtools 27-2221] Launch Output:

****** Xilinx hw_server v2018.3
  **** Build date : Dec  7 2018-00:40:27
    ** Copyright 1986-2018 Xilinx, Inc. All Rights Reserved.


open_hw_target
INFO: [Labtoolstcl 44-466] Opening hw_target localhost:3121/xilinx_tcf/Digilent/210292A6EDE2A
set_property PROGRAM.FILE {D:/projects/graduation project/GP/GP.runs/impl_1/GPIO_demo.bit} [get_hw_devices xc7a100t_0]
current_hw_device [get_hw_devices xc7a100t_0]
refresh_hw_device -update_hw_probes false [lindex [get_hw_devices xc7a100t_0] 0]
INFO: [Labtools 27-1434] Device xc7a100t (JTAG device index = 0) is programmed with a design that has no supported debug core(s) in it.
set_property PROBES.FILE {} [get_hw_devices xc7a100t_0]
set_property FULL_PROBES.FILE {} [get_hw_devices xc7a100t_0]
set_property PROGRAM.FILE {D:/projects/graduation project/GP/GP.runs/impl_1/GPIO_demo.bit} [get_hw_devices xc7a100t_0]
program_hw_devices [get_hw_devices xc7a100t_0]
INFO: [Labtools 27-3164] End of startup status: HIGH
refresh_hw_device [lindex [get_hw_devices xc7a100t_0] 0]
INFO: [Labtools 27-1434] Device xc7a100t (JTAG device index = 0) is programmed with a design that has no supported debug core(s) in it.
ERROR: [Labtoolstcl 44-513] HW Target shutdown. Closing target: localhost:3121/xilinx_tcf/Digilent/210292A6EDE2A
exit
INFO: [Common 17-206] Exiting Vivado at Mon Apr 10 17:00:36 2023...
